"Task Aware Debugger for GDB" version 11.9.0 (202311161535)
Copyright 2016-2023 NXP
==================================
11:03:29.695 INFO: [TadModel] DSF session ID 0 has started.
11:03:38.534 INFO: [TadState] TAD state changed: DEBUG_STARTED -> DEBUG_INIT_0 (RESUMED, USER_REQUEST)
11:03:38.563 INFO: [TadState] TAD state changed: DEBUG_INIT_0 -> DEBUG_INIT_1 (SUSPENDED, SIGNAL)
11:03:39.193 INFO: [TadState] TAD state changed: DEBUG_INIT_1 -> DEBUG_SUSPENDED (RESUMED, USER_REQUEST)
11:03:39.333 INFO: [TadState] TAD state changed: DEBUG_SUSPENDED -> DEBUG_SUSPENDED (SUSPENDED, BREAKPOINT)
11:03:49.873 INFO: [TadState] TAD state changed: DEBUG_SUSPENDED -> DEBUG_RESUMED (RESUMED, STEP)
11:03:49.954 INFO: [TadState] TAD state changed: DEBUG_RESUMED -> READY (SUSPENDED, STEP)
11:03:50.652 INFO: [TadState] TAD state changed: READY -> DEBUG_RESUMED (RESUMED, STEP)
11:03:50.773 INFO: [TadState] TAD state changed: DEBUG_RESUMED -> READY (SUSPENDED, STEP)
11:03:51.276 INFO: [TadState] TAD state changed: READY -> DEBUG_RESUMED (RESUMED, STEP)
11:03:51.379 INFO: [TadState] TAD state changed: DEBUG_RESUMED -> READY (SUSPENDED, STEP)
11:03:51.931 INFO: [TadState] TAD state changed: READY -> DEBUG_RESUMED (RESUMED, STEP)
11:03:52.49 INFO: [TadState] TAD state changed: DEBUG_RESUMED -> READY (SUSPENDED, STEP)
11:03:52.676 INFO: [TadState] TAD state changed: READY -> DEBUG_RESUMED (RESUMED, STEP)
11:03:52.809 INFO: [TadState] TAD state changed: DEBUG_RESUMED -> READY (SUSPENDED, STEP)
11:03:53.443 INFO: [TadState] TAD state changed: READY -> DEBUG_RESUMED (RESUMED, STEP)
11:03:53.647 INFO: [TadState] TAD state changed: DEBUG_RESUMED -> READY (SUSPENDED, STEP)
11:03:54.266 INFO: [TadState] TAD state changed: READY -> DEBUG_RESUMED (RESUMED, STEP)
11:03:54.427 INFO: [TadState] TAD state changed: DEBUG_RESUMED -> READY (SUSPENDED, STEP)
11:03:55.46 INFO: [TadState] TAD state changed: READY -> DEBUG_RESUMED (RESUMED, STEP)
11:03:55.131 INFO: [TadState] TAD state changed: DEBUG_RESUMED -> READY (SUSPENDED, STEP)
11:03:55.671 INFO: [TadState] TAD state changed: READY -> DEBUG_RESUMED (RESUMED, STEP)
11:03:55.784 INFO: [TadState] TAD state changed: DEBUG_RESUMED -> READY (SUSPENDED, STEP)
11:03:56.373 INFO: [TadState] TAD state changed: READY -> DEBUG_RESUMED (RESUMED, STEP)
11:03:56.654 INFO: [TadState] TAD state changed: DEBUG_RESUMED -> READY (SUSPENDED, STEP)
11:03:57.73 INFO: [TadState] TAD state changed: READY -> DEBUG_RESUMED (RESUMED, STEP)
11:03:57.259 INFO: [TadState] TAD state changed: DEBUG_RESUMED -> READY (SUSPENDED, STEP)
11:03:57.790 INFO: [TadState] TAD state changed: READY -> DEBUG_RESUMED (RESUMED, STEP)
11:03:58.35 INFO: [TadState] TAD state changed: DEBUG_RESUMED -> READY (SUSPENDED, STEP)
11:03:58.496 INFO: [TadState] TAD state changed: READY -> DEBUG_RESUMED (RESUMED, STEP)
11:03:58.725 INFO: [TadState] TAD state changed: DEBUG_RESUMED -> READY (SUSPENDED, STEP)
11:03:59.341 INFO: [TadState] TAD state changed: READY -> DEBUG_RESUMED (RESUMED, STEP)
11:03:59.534 INFO: [TadState] TAD state changed: DEBUG_RESUMED -> READY (SUSPENDED, STEP)
11:04:00.54 INFO: [TadState] TAD state changed: READY -> DEBUG_RESUMED (RESUMED, STEP)
11:04:00.171 INFO: [TadState] TAD state changed: DEBUG_RESUMED -> READY (SUSPENDED, STEP)
11:04:00.691 INFO: [TadState] TAD state changed: READY -> DEBUG_RESUMED (RESUMED, STEP)
11:04:00.793 INFO: [TadState] TAD state changed: DEBUG_RESUMED -> READY (SUSPENDED, STEP)
11:04:01.361 INFO: [TadState] TAD state changed: READY -> DEBUG_RESUMED (RESUMED, STEP)
11:04:01.525 INFO: [TadState] TAD state changed: DEBUG_RESUMED -> READY (SUSPENDED, STEP)
11:04:02.63 INFO: [TadState] TAD state changed: READY -> DEBUG_RESUMED (RESUMED, STEP)
11:04:02.161 INFO: [TadState] TAD state changed: DEBUG_RESUMED -> READY (SUSPENDED, STEP)
11:04:02.624 INFO: [TadState] TAD state changed: READY -> DEBUG_RESUMED (RESUMED, STEP)
11:04:02.698 INFO: [TadState] TAD state changed: DEBUG_RESUMED -> READY (SUSPENDED, STEP)
11:04:03.367 INFO: [TadState] TAD state changed: READY -> DEBUG_RESUMED (RESUMED, STEP)
11:04:17.788 INFO: [TadState] TAD state changed: DEBUG_RESUMED -> READY (SUSPENDED, SIGNAL)
11:04:19.832 INFO: [TadModel] DSF session ID 0 has ended.
